<?xml version="1.0" encoding="UTF-8"?>
<!-- Generated by org.testng.reporters.JUnitXMLReporter -->
<testsuite ignored="0" hostname="DESKTOP-QBFTON6" failures="1" tests="1" name="ChromeTest" time="0.064" errors="0" timestamp="2025-09-23T16:41:18 IST">
  <testcase classname="com.mystore.base.BaseClass" name="@BeforeSuite loadconfig" time="0.089">
    <failure type="java.lang.NullPointerException">
      <![CDATA[java.lang.NullPointerException
at java.base/java.io.File.<init>(File.java:278)
at com.aventstack.extentreports.reporter.BasicFileReporter.init(BasicFileReporter.java:106)
at com.aventstack.extentreports.reporter.ExtentHtmlReporter.<init>(ExtentHtmlReporter.java:30)
at com.mystore.utility.ExtentManager.setExtent(ExtentManager.java:14)
at com.mystore.base.BaseClass.loadconfig(BaseClass.java:32)
... Removed 17 stack frames]]>
    </failure>
  </testcase> <!-- @BeforeSuite loadconfig -->
  <testcase classname="com.mystore.testcases.LoginTest" name="Logintest" time="0.0">
    <failure type="org.testng.TestNGException" message="
Cannot instantiate class com.mystoer.dataprovider.DataProvider1">
      <![CDATA[org.testng.TestNGException: 
Cannot instantiate class com.mystoer.dataprovider.DataProvider1
at java.base/java.util.ArrayList.forEach(ArrayList.java:1597)
at java.base/java.util.concurrent.FutureTask.run(FutureTask.java:317)
at java.base/java.util.concurrent.ThreadPoolExecutor.runWorker(ThreadPoolExecutor.java:1144)
at java.base/java.util.concurrent.ThreadPoolExecutor$Worker.run(ThreadPoolExecutor.java:642)
at java.base/java.lang.Thread.run(Thread.java:1570)
... 25 more
Caused by: java.lang.NoClassDefFoundError: org/apache/commons/io/output/UnsynchronizedByteArrayOutputStream
at com.mystore.utility.NewExcelLibrary.<init>(NewExcelLibrary.java:39)
at com.mystoer.dataprovider.DataProvider1.<init>(DataProvider1.java:7)
... 28 more
Caused by: java.lang.ClassNotFoundException: org.apache.commons.io.output.UnsynchronizedByteArrayOutputStream
at java.base/jdk.internal.loader.BuiltinClassLoader.loadClass(BuiltinClassLoader.java:641)
at java.base/jdk.internal.loader.ClassLoaders$AppClassLoader.loadClass(ClassLoaders.java:188)
at java.base/java.lang.ClassLoader.loadClass(ClassLoader.java:525)
... 31 more
... Removed 27 stack frames]]>
    </failure>
  </testcase> <!-- Logintest -->
</testsuite> <!-- ChromeTest -->
