<?xml version="1.0" encoding="UTF-8"?>
<!-- Generated by org.testng.reporters.JUnitXMLReporter -->
<testsuite ignored="0" hostname="DESKTOP-QBFTON6" failures="1" tests="2" name="ChromeTest" time="27.614" errors="0" timestamp="2025-09-23T14:58:00 IST">
  <testcase classname="com.mystore.testcases.LoginTest" name="Logintest" time="2.723">
    <failure type="junit.framework.ComparisonFailure" message="expected:&amp;lt;...ndex.php?controller=[authentication]&amp;gt; but was:&amp;lt;...ndex.php?controller=[my-account]&amp;gt;">
      <![CDATA[junit.framework.ComparisonFailure: expected:<...ndex.php?controller=[authentication]> but was:<...ndex.php?controller=[my-account]>
at junit.framework.Assert.assertEquals(Assert.java:100)
at junit.framework.Assert.assertEquals(Assert.java:107)
at com.mystore.testcases.LoginTest.Logintest(LoginTest.java:45)
at java.base/java.util.ArrayList.forEach(ArrayList.java:1597)
... Removed 25 stack frames]]>
    </failure>
  </testcase> <!-- Logintest -->
  <testcase classname="com.mystore.testcases.LoginTest" name="Logintest" time="3.381"/>
</testsuite> <!-- ChromeTest -->
